<?xml version="1.0" encoding="UTF-8"?>
<!-- Generated by org.testng.reporters.JUnitXMLReporter -->
<testsuite ignored="0" hostname="DESKTOP-A92GSCV" failures="0" tests="1" name="Test" time="4.074" errors="0" timestamp="2023-05-02T23:08:43 IST">
  <testcase classname="cybageExam.cybageExam.practicalTest1" name="@BeforeClass mysetup" time="3.997">
    <failure type="org.openqa.selenium.SessionNotCreatedException" message="session not created: This version of ChromeDriver only supports Chrome version 104
Current browser version is 112.0.5615.138 with binary path C:\Program Files\Google\Chrome\Application\chrome.exe
Build info: version: &amp;apos;3.141.59&amp;apos;, revision: &amp;apos;e82be7d358&amp;apos;, time: &amp;apos;2018-11-14T08:17:03&amp;apos;
System info: host: &amp;apos;DESKTOP-A92GSCV&amp;apos;, ip: &amp;apos;192.168.1.2&amp;apos;, os.name: &amp;apos;Windows 10&amp;apos;, os.arch: &amp;apos;amd64&amp;apos;, os.version: &amp;apos;10.0&amp;apos;, java.version: &amp;apos;17.0.4&amp;apos;
Driver info: driver.version: ChromeDriver
remote stacktrace: Backtrace:
	Ordinal0 [0x00DE78B3+2193587]
	Ordinal0 [0x00D80681+1771137]
	Ordinal0 [0x00C941A8+803240]
	Ordinal0 [0x00CB5CC3+941251]
	Ordinal0 [0x00CB13EF+922607]
	Ordinal0 [0x00CAEBC1+912321]
	Ordinal0 [0x00CE23B0+1123248]
	Ordinal0 [0x00CE200A+1122314]
	Ordinal0 [0x00CDD5C6+1103302]
	Ordinal0 [0x00CB77E0+948192]
	Ordinal0 [0x00CB86E6+952038]
	GetHandleVerifier [0x01090CB2+2738370]
	GetHandleVerifier [0x010821B8+2678216]
	GetHandleVerifier [0x00E717AA+512954]
	GetHandleVerifier [0x00E70856+509030]
	Ordinal0 [0x00D8743B+1799227]
	Ordinal0 [0x00D8BB68+1817448]
	Ordinal0 [0x00D8BC55+1817685]
	Ordinal0 [0x00D95230+1856048]
	BaseThreadInitThunk [0x77180099+25]
	RtlGetAppContainerNamedObjectPath [0x778D7B6E+286]
	RtlGetAppContainerNamedObjectPath [0x778D7B3E+238]
">
      <![CDATA[org.openqa.selenium.SessionNotCreatedException: session not created: This version of ChromeDriver only supports Chrome version 104
Current browser version is 112.0.5615.138 with binary path C:\Program Files\Google\Chrome\Application\chrome.exe
Build info: version: '3.141.59', revision: 'e82be7d358', time: '2018-11-14T08:17:03'
System info: host: 'DESKTOP-A92GSCV', ip: '192.168.1.2', os.name: 'Windows 10', os.arch: 'amd64', os.version: '10.0', java.version: '17.0.4'
Driver info: driver.version: ChromeDriver
remote stacktrace: Backtrace:
Ordinal0 [0x00DE78B3+2193587]
Ordinal0 [0x00D80681+1771137]
Ordinal0 [0x00C941A8+803240]
Ordinal0 [0x00CB5CC3+941251]
Ordinal0 [0x00CB13EF+922607]
Ordinal0 [0x00CAEBC1+912321]
Ordinal0 [0x00CE23B0+1123248]
Ordinal0 [0x00CE200A+1122314]
Ordinal0 [0x00CDD5C6+1103302]
Ordinal0 [0x00CB77E0+948192]
Ordinal0 [0x00CB86E6+952038]
GetHandleVerifier [0x01090CB2+2738370]
GetHandleVerifier [0x010821B8+2678216]
GetHandleVerifier [0x00E717AA+512954]
GetHandleVerifier [0x00E70856+509030]
Ordinal0 [0x00D8743B+1799227]
Ordinal0 [0x00D8BB68+1817448]
Ordinal0 [0x00D8BC55+1817685]
Ordinal0 [0x00D95230+1856048]
BaseThreadInitThunk [0x77180099+25]
RtlGetAppContainerNamedObjectPath [0x778D7B6E+286]
RtlGetAppContainerNamedObjectPath [0x778D7B3E+238]

at org.openqa.selenium.remote.W3CHandshakeResponse.lambda$errorHandler$0(W3CHandshakeResponse.java:62)
at org.openqa.selenium.remote.HandshakeResponse.lambda$getResponseFunction$0(HandshakeResponse.java:30)
at org.openqa.selenium.remote.ProtocolHandshake.lambda$createSession$0(ProtocolHandshake.java:126)
at java.base/java.util.stream.ReferencePipeline$3$1.accept(ReferencePipeline.java:197)
at java.base/java.util.Spliterators$ArraySpliterator.tryAdvance(Spliterators.java:1002)
at java.base/java.util.stream.ReferencePipeline.forEachWithCancel(ReferencePipeline.java:129)
at java.base/java.util.stream.AbstractPipeline.copyIntoWithCancel(AbstractPipeline.java:527)
at java.base/java.util.stream.AbstractPipeline.copyInto(AbstractPipeline.java:513)
at java.base/java.util.stream.AbstractPipeline.wrapAndCopyInto(AbstractPipeline.java:499)
at java.base/java.util.stream.FindOps$FindOp.evaluateSequential(FindOps.java:150)
at java.base/java.util.stream.AbstractPipeline.evaluate(AbstractPipeline.java:234)
at java.base/java.util.stream.ReferencePipeline.findFirst(ReferencePipeline.java:647)
at org.openqa.selenium.remote.ProtocolHandshake.createSession(ProtocolHandshake.java:128)
at org.openqa.selenium.remote.ProtocolHandshake.createSession(ProtocolHandshake.java:74)
at org.openqa.selenium.remote.HttpCommandExecutor.execute(HttpCommandExecutor.java:136)
at org.openqa.selenium.remote.service.DriverCommandExecutor.execute(DriverCommandExecutor.java:83)
at org.openqa.selenium.remote.RemoteWebDriver.execute(RemoteWebDriver.java:552)
at org.openqa.selenium.remote.RemoteWebDriver.startSession(RemoteWebDriver.java:213)
at org.openqa.selenium.remote.RemoteWebDriver.<init>(RemoteWebDriver.java:131)
at org.openqa.selenium.chrome.ChromeDriver.<init>(ChromeDriver.java:181)
at org.openqa.selenium.chrome.ChromeDriver.<init>(ChromeDriver.java:168)
at org.openqa.selenium.chrome.ChromeDriver.<init>(ChromeDriver.java:123)
at cybageExam.cybageExam.practicalTest1.mysetup(practicalTest1.java:21)
at java.base/java.util.ArrayList.forEach(ArrayList.java:1511)
... Removed 30 stack frames]]>
    </failure>
  </testcase> <!-- @BeforeClass mysetup -->
  <testcase classname="cybageExam.cybageExam.practicalTest1" name="practicalT" time="0.0">
    <skipped/>
  </testcase> <!-- practicalT -->
</testsuite> <!-- Test -->
